<?xml version="1.0" encoding="UTF-8"?>
<!-- Generated by org.testng.reporters.JUnitReportReporter -->
<testsuite hostname="LGDN15028-W7D01" name="Search.Search_001_SearchOnGoogle" tests="1" failures="0" timestamp="6 Oct 2015 08:31:56 GMT" time="0.001" errors="0">
  <testcase name="GoogleSearch_01_0_GoogleSearchInvalidText" time="0.001" classname="Search.Search_001_SearchOnGoogle"/>
</testsuite> <!-- Search.Search_001_SearchOnGoogle -->
